<?xml version="1.0" encoding="UTF-8"?>
<testsuite xmlns:xsi="http://www.w3.org/2001/XMLSchema-instance" xsi:noNamespaceSchemaLocation="https://maven.apache.org/surefire/maven-surefire-plugin/xsd/surefire-test-report-3.0.xsd" version="3.0" name="org.campus02.CoffeeMachineTest" time="0.042" tests="5" errors="0" skipped="0" failures="0">
  <properties>
[...]
</properties>
  <testcase name="checkMinimumLevelBeforeFill" classname="org.campus02.CoffeeMachineTest" time="0.022"/>
  <testcase name="fill" classname="org.campus02.CoffeeMachineTest" time="0.001"/>
  <testcase name="brewSuccessAmericano" classname="org.campus02.CoffeeMachineTest" time="0.001"/>
  <testcase name="checkMinimumLevelAfterFill" classname="org.campus02.CoffeeMachineTest" time="0.001"/>
  <testcase name="testConstructor" classname="org.campus02.CoffeeMachineTest" time="0.001"/>
</testsuite>